#
# A fatal error has been detected by the Java Runtime Environment:
#
#  EXCEPTION_ACCESS_VIOLATION (0xc0000005) at pc=0x00007ffc7c8041c6, pid=30492, tid=5328
#
# JRE version: OpenJDK Runtime Environment (14.0.1+7) (build 14.0.1+7)
# Java VM: OpenJDK 64-Bit Server VM (14.0.1+7, mixed mode, sharing, tiered, compressed oops, g1 gc, windows-amd64)
# Problematic frame:
# C  [ig9icd64.dll+0x2141c6]
#
# No core dump will be written. Minidumps are not enabled by default on client versions of Windows
#
# If you would like to submit a bug report, please visit:
#   https://bugreport.java.com/bugreport/crash.jsp
# The crash happened outside the Java Virtual Machine in native code.
# See problematic frame for where to report the bug.
#

---------------  S U M M A R Y ------------

Command Line: -Djava.library.path=D:\Hobby\Moestuin\Software\Software met OpenGL\lib\native -javaagent:C:\Program Files\JetBrains\IntelliJ IDEA 2020.1.1\lib\idea_rt.jar=60796:C:\Program Files\JetBrains\IntelliJ IDEA 2020.1.1\bin -Dfile.encoding=UTF-8 data.Boot

Host: Intel(R) Core(TM) i7-9750H CPU @ 2.60GHz, 12 cores, 15G,  Windows 10 , 64 bit Build 22000 (10.0.22000.318)
Time: Tue Dec 28 15:50:01 2021 Romance (standaardtijd) elapsed time: 431 seconds (0d 0h 7m 11s)

---------------  T H R E A D  ---------------

Current thread (0x000001e5ab4dc800):  JavaThread "main" [_thread_in_native, id=5328, stack(0x000000239ba00000,0x000000239bb00000)]

Stack: [0x000000239ba00000,0x000000239bb00000],  sp=0x000000239bafea70,  free space=1018k
Native frames: (J=compiled Java code, j=interpreted, Vv=VM code, C=native code)
C  [ig9icd64.dll+0x2141c6]

Java frames: (J=compiled Java code, j=interpreted, Vv=VM code)
J 965  org.lwjgl.opengl.GL11.nglLoadIdentity(J)V (0 bytes) @ 0x000001e5bb7f58f1 [0x000001e5bb7f58a0+0x0000000000000051]
J 1215 c2 helpers.OpenGLAssistent.drawQuadTex(Lorg/newdawn/slick/opengl/Texture;FFFF)V (66 bytes) @ 0x000001e5bb816ea8 [0x000001e5bb8168e0+0x00000000000005c8]
J 1234 c2 data.model.DesignController.update()V (65 bytes) @ 0x000001e5bb8258e0 [0x000001e5bb825760+0x0000000000000180]
j  data.Boot.<init>()V+22
j  data.Boot.main([Ljava/lang/String;)V+4
v  ~StubRoutines::call_stub

siginfo: EXCEPTION_ACCESS_VIOLATION (0xc0000005), reading address 0x000001e5d43b0000


Register to memory mapping:

RIP=0x00007ffc7c8041c6 ig9icd64.dll
RAX=0x0 is NULL
RBX=0x000001e5d062e368 points into unknown readable memory: 00 00 00 00 00 00 00 00
RCX=0x000001e7b701ee94 points into unknown readable memory: 00 00 00 05
RDX=0x000001e5d43b0000 is an unknown value
RSP=0x000000239bafea70 is pointing into the stack for thread: 0x000001e5ab4dc800
RBP=0x000000239bafec00 is pointing into the stack for thread: 0x000001e5ab4dc800
RSI=0x000001e5d05f9f80 points into unknown readable memory: 80 00 59 d0 e5 01 00 00
RDI=0x000001e5d062e200 points into unknown readable memory: 98 21 0c 7d fc 7f 00 00
R8 =0x0000000000000004 is an unknown value
R9 =0x00007ffc7d4e87a0 ig9icd64.dll
R10=0x0 is NULL
R11=0x000000239bafe810 is pointing into the stack for thread: 0x000001e5ab4dc800
R12=0x000000000000000e is an unknown value
R13=0x000001e5d062e630 points into unknown readable memory: 00 00 00 00 00 00 00 00
R14=0x0000000000000001 is an unknown value
R15=0x000001e5d062f800 points into unknown readable memory: 01 00 00 00 00 00 00 00


Registers:
RAX=0x0000000000000000, RBX=0x000001e5d062e368, RCX=0x000001e7b701ee94, RDX=0x000001e5d43b0000
RSP=0x000000239bafea70, RBP=0x000000239bafec00, RSI=0x000001e5d05f9f80, RDI=0x000001e5d062e200
R8 =0x0000000000000004, R9 =0x00007ffc7d4e87a0, R10=0x0000000000000000, R11=0x000000239bafe810
R12=0x000000000000000e, R13=0x000001e5d062e630, R14=0x0000000000000001, R15=0x000001e5d062f800
RIP=0x00007ffc7c8041c6, EFLAGS=0x0000000000010246

Top of Stack: (sp=0x000000239bafea70)
0x000000239bafea70:   000000239bafeb60 000001e5d062f800
0x000000239bafea80:   000000239bafead0 00007ffc7c69238f
0x000000239bafea90:   0000000000000000 0000000000000000
0x000000239bafeaa0:   0000000000800001 0010543d00000000
0x000000239bafeab0:   0000441c7a000004 0000000000000000
0x000000239bafeac0:   0000000000000907 00003505692e1766
0x000000239bafead0:   000000000000007f 00003505692e1766
0x000000239bafeae0:   000001e5d062f800 000001e5d062e200
0x000000239bafeaf0:   0000000000000000 00007ffc7c679b41
0x000000239bafeb00:   000001e5d062e368 000001e5d062e368
0x000000239bafeb10:   000000239bafec00 000001e5d05f9f80
0x000000239bafeb20:   00000000000003ff 000000004c46c3e7
0x000000239bafeb30:   0000000000000201 0000000000000000
0x000000239bafeb40:   000001e5a9110270 00007ffcf6feecc4
0x000000239bafeb50:   000001e5cf0000cf 000001e5d062e630
0x000000239bafeb60:   0000000200000004 0000000000000001 

Instructions: (pc=0x00007ffc7c8041c6)
0x00007ffc7c8040c6:   48 c7 44 24 20 fe ff ff ff 48 89 5c 24 48 48 8b
0x00007ffc7c8040d6:   f9 48 8b 1d 1a 1c d1 00 48 89 5c 24 40 48 8b cb
0x00007ffc7c8040e6:   ff 15 a4 f1 89 00 90 48 83 bf 18 03 00 00 00 74
0x00007ffc7c8040f6:   1a 48 8b cf e8 31 f0 18 00 ba 20 00 00 00 48 8b
0x00007ffc7c804106:   8f 18 03 00 00 e8 20 d4 77 00 90 48 8b cb 48 8b
0x00007ffc7c804116:   5c 24 48 48 83 c4 30 5f 48 ff 25 63 f1 89 00 cc
0x00007ffc7c804126:   cc cc cc cc cc cc cc cc cc cc 48 8b 81 18 03 00
0x00007ffc7c804136:   00 c3 cc cc cc cc cc cc cc cc 48 8b 41 18 8b 40
0x00007ffc7c804146:   20 c3 cc cc cc cc cc cc cc cc 48 8b 91 e0 01 00
0x00007ffc7c804156:   00 8b 42 20 83 c0 0f 83 e0 f0 89 42 20 c3 cc cc
0x00007ffc7c804166:   cc cc cc cc cc cc cc cc cc cc 48 89 5c 24 10 48
0x00007ffc7c804176:   89 6c 24 18 48 89 74 24 20 57 41 56 41 57 48 83
0x00007ffc7c804186:   ec 70 48 8b 99 e0 01 00 00 48 8d 15 0a 46 ce 00
0x00007ffc7c804196:   48 8b f9 41 b8 04 00 00 00 8b 4b 20 48 03 4b 10
0x00007ffc7c8041a6:   e8 95 33 e0 ff 83 43 20 04 41 be 01 00 00 00 48
0x00007ffc7c8041b6:   8b 87 e0 01 00 00 48 8b 50 60 0f b6 47 34 f6 d8
0x00007ffc7c8041c6:   8b 02 1b c9 0f ba f0 15 81 e1 00 00 20 00 0b c8
0x00007ffc7c8041d6:   89 0a 8b 87 0c 03 00 00 03 c0 33 42 08 83 e0 02
0x00007ffc7c8041e6:   31 42 08 83 bf e0 02 00 00 00 75 54 48 8b 87 c8
0x00007ffc7c8041f6:   01 00 00 44 8b 8f d0 02 00 00 4c 8b 87 c8 02 00
0x00007ffc7c804206:   00 8b 97 c0 02 00 00 48 8b 4f 10 48 89 44 24 38
0x00007ffc7c804216:   48 8b 87 d0 01 00 00 48 89 44 24 40 8b 87 c0 01
0x00007ffc7c804226:   00 00 03 87 88 01 00 00 89 44 24 48 48 8d 44 24
0x00007ffc7c804236:   38 48 89 44 24 20 e8 6f e2 e0 ff 44 8b f0 eb 21
0x00007ffc7c804246:   48 8b 05 2b 51 b3 00 83 b8 a8 05 00 00 00 74 11
0x00007ffc7c804256:   48 8b 57 10 45 0f b6 c6 48 8b 4f 18 e8 39 22 e1
0x00007ffc7c804266:   ff 48 8b 05 0a 51 b3 00 83 b8 ac 05 00 00 00 74
0x00007ffc7c804276:   12 48 8b 47 10 48 8b 88 58 01 00 00 48 8b 47 40
0x00007ffc7c804286:   48 89 08 48 8b 4f 10 48 8b 81 50 01 00 00 48 89
0x00007ffc7c804296:   81 58 01 00 00 48 8b 4f 10 48 8b 81 50 01 00 00
0x00007ffc7c8042a6:   48 89 81 60 01 00 00 48 8b 05 c4 50 b3 00 8b 88
0x00007ffc7c8042b6:   a8 05 00 00 89 8f e0 02 00 00 48 8d 4f 48 e8 07 


Stack slot to memory mapping:
stack at sp + 0 slots: 0x000000239bafeb60 is pointing into the stack for thread: 0x000001e5ab4dc800
stack at sp + 1 slots: 0x000001e5d062f800 points into unknown readable memory: 01 00 00 00 00 00 00 00
stack at sp + 2 slots: 0x000000239bafead0 is pointing into the stack for thread: 0x000001e5ab4dc800
stack at sp + 3 slots: 0x00007ffc7c69238f ig9icd64.dll
stack at sp + 4 slots: 0x0 is NULL
stack at sp + 5 slots: 0x0 is NULL
stack at sp + 6 slots: 0x0000000000800001 is an unknown value
stack at sp + 7 slots: 0x0010543d00000000 is an unknown value


---------------  P R O C E S S  ---------------

Threads class SMR info:
_java_thread_list=0x000001e5d9c1d040, length=13, elements={
0x000001e5ab4dc800, 0x000001e5cf613800, 0x000001e5cf615000, 0x000001e5cfeb8000,
0x000001e5cfebb000, 0x000001e5cfebc000, 0x000001e5cfebf000, 0x000001e5cfec3800,
0x000001e5cfed7000, 0x000001e5cfeb0800, 0x000001e5d00c6800, 0x000001e5d00cb000,
0x000001e5d9445800
}

Java Threads: ( => current thread )
=>0x000001e5ab4dc800 JavaThread "main" [_thread_in_native, id=5328, stack(0x000000239ba00000,0x000000239bb00000)]
  0x000001e5cf613800 JavaThread "Reference Handler" daemon [_thread_blocked, id=19972, stack(0x000000239c100000,0x000000239c200000)]
  0x000001e5cf615000 JavaThread "Finalizer" daemon [_thread_blocked, id=33376, stack(0x000000239c200000,0x000000239c300000)]
  0x000001e5cfeb8000 JavaThread "Signal Dispatcher" daemon [_thread_blocked, id=23828, stack(0x000000239c300000,0x000000239c400000)]
  0x000001e5cfebb000 JavaThread "Attach Listener" daemon [_thread_blocked, id=13992, stack(0x000000239c400000,0x000000239c500000)]
  0x000001e5cfebc000 JavaThread "Service Thread" daemon [_thread_blocked, id=1848, stack(0x000000239c500000,0x000000239c600000)]
  0x000001e5cfebf000 JavaThread "C2 CompilerThread0" daemon [_thread_blocked, id=27416, stack(0x000000239c600000,0x000000239c700000)]
  0x000001e5cfec3800 JavaThread "C1 CompilerThread0" daemon [_thread_blocked, id=2228, stack(0x000000239c700000,0x000000239c800000)]
  0x000001e5cfed7000 JavaThread "Sweeper thread" daemon [_thread_blocked, id=6220, stack(0x000000239c800000,0x000000239c900000)]
  0x000001e5cfeb0800 JavaThread "Common-Cleaner" daemon [_thread_blocked, id=21544, stack(0x000000239c900000,0x000000239ca00000)]
  0x000001e5d00c6800 JavaThread "Monitor Ctrl-Break" daemon [_thread_in_native, id=18820, stack(0x000000239cb00000,0x000000239cc00000)]
  0x000001e5d00cb000 JavaThread "Notification Thread" daemon [_thread_blocked, id=10716, stack(0x000000239cc00000,0x000000239cd00000)]
  0x000001e5d9445800 JavaThread "LWJGL Timer" daemon [_thread_blocked, id=23032, stack(0x000000239d500000,0x000000239d600000)]

Other Threads:
  0x000001e5cf60e800 VMThread "VM Thread" [stack: 0x000000239c000000,0x000000239c100000] [id=25564]
  0x000001e5d00cc800 WatcherThread [stack: 0x000000239cd00000,0x000000239ce00000] [id=18272]
  0x000001e5ab545000 GCTaskThread "GC Thread#0" [stack: 0x000000239bb00000,0x000000239bc00000] [id=30732]
  0x000001e5d9152000 GCTaskThread "GC Thread#1" [stack: 0x000000239d000000,0x000000239d100000] [id=26532]
  0x000001e5d8d5b800 GCTaskThread "GC Thread#2" [stack: 0x000000239d100000,0x000000239d200000] [id=21188]
  0x000001e5d914f800 GCTaskThread "GC Thread#3" [stack: 0x000000239d200000,0x000000239d300000] [id=35592]
  0x000001e5d9150000 GCTaskThread "GC Thread#4" [stack: 0x000000239d300000,0x000000239d400000] [id=5172]
  0x000001e5d8ec2800 GCTaskThread "GC Thread#5" [stack: 0x000000239d400000,0x000000239d500000] [id=32272]
  0x000001e5ab568000 ConcurrentGCThread "G1 Main Marker" [stack: 0x000000239bc00000,0x000000239bd00000] [id=14864]
  0x000001e5ab56b000 ConcurrentGCThread "G1 Conc#0" [stack: 0x000000239bd00000,0x000000239be00000] [id=8504]
  0x000001e5cf4f9000 ConcurrentGCThread "G1 Refine#0" [stack: 0x000000239be00000,0x000000239bf00000] [id=29904]
  0x000001e5cf4fa000 ConcurrentGCThread "G1 Young RemSet Sampling" [stack: 0x000000239bf00000,0x000000239c000000] [id=26336]

Threads with active compile tasks:

VM state:not at safepoint (normal execution)

VM Mutex/Monitor currently owned by a thread: None

Heap address: 0x0000000702400000, size: 4060 MB, Compressed Oops mode: Zero based, Oop shift amount: 3
Narrow klass base: 0x0000000800000000, Narrow klass shift: 3
Compressed class space size: 1073741824 Address: 0x0000000800b30000

Heap:
 garbage-first heap   total 260096K, used 50784K [0x0000000702400000, 0x0000000800000000)
  region size 1024K, 45 young (46080K), 3 survivors (3072K)
 Metaspace       used 3832K, capacity 6180K, committed 6528K, reserved 1056768K
  class space    used 275K, capacity 539K, committed 640K, reserved 1048576K
Heap Regions: E=young(eden), S=young(survivor), O=old, HS=humongous(starts), HC=humongous(continues), CS=collection set, F=free, OA=open archive, CA=closed archive, TAMS=top-at-mark-start (previous, next)
|   0|0x0000000702400000, 0x0000000702500000, 0x0000000702500000|100%|HS|  |TAMS 0x0000000702400000, 0x0000000702400000| Complete 
|   1|0x0000000702500000, 0x0000000702600000, 0x0000000702600000|100%|HC|  |TAMS 0x0000000702500000, 0x0000000702500000| Complete 
|   2|0x0000000702600000, 0x0000000702700000, 0x0000000702700000|100%|HC|  |TAMS 0x0000000702600000, 0x0000000702600000| Complete 
|   3|0x0000000702700000, 0x0000000702800000, 0x0000000702800000|100%|HS|  |TAMS 0x0000000702700000, 0x0000000702700000| Complete 
|   4|0x0000000702800000, 0x0000000702900000, 0x0000000702900000|100%|HC|  |TAMS 0x0000000702800000, 0x0000000702800000| Complete 
|   5|0x0000000702900000, 0x0000000702a00000, 0x0000000702a00000|100%|HC|  |TAMS 0x0000000702900000, 0x0000000702900000| Complete 
|   6|0x0000000702a00000, 0x0000000702b00000, 0x0000000702b00000|100%|HC|  |TAMS 0x0000000702a00000, 0x0000000702a00000| Complete 
|   7|0x0000000702b00000, 0x0000000702b00000, 0x0000000702c00000|  0%| F|  |TAMS 0x0000000702b00000, 0x0000000702b00000| Untracked 
|   8|0x0000000702c00000, 0x0000000702c00000, 0x0000000702d00000|  0%| F|  |TAMS 0x0000000702c00000, 0x0000000702c00000| Untracked 
|   9|0x0000000702d00000, 0x0000000702d00000, 0x0000000702e00000|  0%| F|  |TAMS 0x0000000702d00000, 0x0000000702d00000| Untracked 
|  10|0x0000000702e00000, 0x0000000702e00000, 0x0000000702f00000|  0%| F|  |TAMS 0x0000000702e00000, 0x0000000702e00000| Untracked 
|  11|0x0000000702f00000, 0x0000000702f00000, 0x0000000703000000|  0%| F|  |TAMS 0x0000000702f00000, 0x0000000702f00000| Untracked 
|  12|0x0000000703000000, 0x0000000703000000, 0x0000000703100000|  0%| F|  |TAMS 0x0000000703000000, 0x0000000703000000| Untracked 
|  13|0x0000000703100000, 0x0000000703100000, 0x0000000703200000|  0%| F|  |TAMS 0x0000000703100000, 0x0000000703100000| Untracked 
|  14|0x0000000703200000, 0x0000000703200000, 0x0000000703300000|  0%| F|  |TAMS 0x0000000703200000, 0x0000000703200000| Untracked 
|  15|0x0000000703300000, 0x0000000703300000, 0x0000000703400000|  0%| F|  |TAMS 0x0000000703300000, 0x0000000703300000| Untracked 
|  16|0x0000000703400000, 0x0000000703400000, 0x0000000703500000|  0%| F|  |TAMS 0x0000000703400000, 0x0000000703400000| Untracked 
|  17|0x0000000703500000, 0x0000000703500000, 0x0000000703600000|  0%| F|  |TAMS 0x0000000703500000, 0x0000000703500000| Untracked 
|  18|0x0000000703600000, 0x0000000703600000, 0x0000000703700000|  0%| F|  |TAMS 0x0000000703600000, 0x0000000703600000| Untracked 
|  19|0x0000000703700000, 0x0000000703700000, 0x0000000703800000|  0%| F|  |TAMS 0x0000000703700000, 0x0000000703700000| Untracked 
|  20|0x0000000703800000, 0x0000000703800000, 0x0000000703900000|  0%| F|  |TAMS 0x0000000703800000, 0x0000000703800000| Untracked 
|  21|0x0000000703900000, 0x0000000703900000, 0x0000000703a00000|  0%| F|  |TAMS 0x0000000703900000, 0x0000000703900000| Untracked 
|  22|0x0000000703a00000, 0x0000000703a00000, 0x0000000703b00000|  0%| F|  |TAMS 0x0000000703a00000, 0x0000000703a00000| Untracked 
|  23|0x0000000703b00000, 0x0000000703b00000, 0x0000000703c00000|  0%| F|  |TAMS 0x0000000703b00000, 0x0000000703b00000| Untracked 
|  24|0x0000000703c00000, 0x0000000703c00000, 0x0000000703d00000|  0%| F|  |TAMS 0x0000000703c00000, 0x0000000703c00000| Untracked 
|  25|0x0000000703d00000, 0x0000000703d00000, 0x0000000703e00000|  0%| F|  |TAMS 0x0000000703d00000, 0x0000000703d00000| Untracked 
|  26|0x0000000703e00000, 0x0000000703e00000, 0x0000000703f00000|  0%| F|  |TAMS 0x0000000703e00000, 0x0000000703e00000| Untracked 
|  27|0x0000000703f00000, 0x0000000703f00000, 0x0000000704000000|  0%| F|  |TAMS 0x0000000703f00000, 0x0000000703f00000| Untracked 
|  28|0x0000000704000000, 0x0000000704000000, 0x0000000704100000|  0%| F|  |TAMS 0x0000000704000000, 0x0000000704000000| Untracked 
|  29|0x0000000704100000, 0x0000000704100000, 0x0000000704200000|  0%| F|  |TAMS 0x0000000704100000, 0x0000000704100000| Untracked 
|  30|0x0000000704200000, 0x0000000704200000, 0x0000000704300000|  0%| F|  |TAMS 0x0000000704200000, 0x0000000704200000| Untracked 
|  31|0x0000000704300000, 0x0000000704300000, 0x0000000704400000|  0%| F|  |TAMS 0x0000000704300000, 0x0000000704300000| Untracked 
|  32|0x0000000704400000, 0x0000000704400000, 0x0000000704500000|  0%| F|  |TAMS 0x0000000704400000, 0x0000000704400000| Untracked 
|  33|0x0000000704500000, 0x0000000704500000, 0x0000000704600000|  0%| F|  |TAMS 0x0000000704500000, 0x0000000704500000| Untracked 
|  34|0x0000000704600000, 0x0000000704600000, 0x0000000704700000|  0%| F|  |TAMS 0x0000000704600000, 0x0000000704600000| Untracked 
|  35|0x0000000704700000, 0x0000000704700000, 0x0000000704800000|  0%| F|  |TAMS 0x0000000704700000, 0x0000000704700000| Untracked 
|  36|0x0000000704800000, 0x0000000704800000, 0x0000000704900000|  0%| F|  |TAMS 0x0000000704800000, 0x0000000704800000| Untracked 
|  37|0x0000000704900000, 0x0000000704900000, 0x0000000704a00000|  0%| F|  |TAMS 0x0000000704900000, 0x0000000704900000| Untracked 
|  38|0x0000000704a00000, 0x0000000704a00000, 0x0000000704b00000|  0%| F|  |TAMS 0x0000000704a00000, 0x0000000704a00000| Untracked 
|  39|0x0000000704b00000, 0x0000000704b00000, 0x0000000704c00000|  0%| F|  |TAMS 0x0000000704b00000, 0x0000000704b00000| Untracked 
|  40|0x0000000704c00000, 0x0000000704c00000, 0x0000000704d00000|  0%| F|  |TAMS 0x0000000704c00000, 0x0000000704c00000| Untracked 
|  41|0x0000000704d00000, 0x0000000704d00000, 0x0000000704e00000|  0%| F|  |TAMS 0x0000000704d00000, 0x0000000704d00000| Untracked 
|  42|0x0000000704e00000, 0x0000000704e00000, 0x0000000704f00000|  0%| F|  |TAMS 0x0000000704e00000, 0x0000000704e00000| Untracked 
|  43|0x0000000704f00000, 0x0000000704f00000, 0x0000000705000000|  0%| F|  |TAMS 0x0000000704f00000, 0x0000000704f00000| Untracked 
|  44|0x0000000705000000, 0x0000000705000000, 0x0000000705100000|  0%| F|  |TAMS 0x0000000705000000, 0x0000000705000000| Untracked 
|  45|0x0000000705100000, 0x0000000705100000, 0x0000000705200000|  0%| F|  |TAMS 0x0000000705100000, 0x0000000705100000| Untracked 
|  46|0x0000000705200000, 0x0000000705200000, 0x0000000705300000|  0%| F|  |TAMS 0x0000000705200000, 0x0000000705200000| Untracked 
|  47|0x0000000705300000, 0x0000000705300000, 0x0000000705400000|  0%| F|  |TAMS 0x0000000705300000, 0x0000000705300000| Untracked 
|  48|0x0000000705400000, 0x0000000705400000, 0x0000000705500000|  0%| F|  |TAMS 0x0000000705400000, 0x0000000705400000| Untracked 
|  49|0x0000000705500000, 0x0000000705500000, 0x0000000705600000|  0%| F|  |TAMS 0x0000000705500000, 0x0000000705500000| Untracked 
|  50|0x0000000705600000, 0x0000000705600000, 0x0000000705700000|  0%| F|  |TAMS 0x0000000705600000, 0x0000000705600000| Untracked 
|  51|0x0000000705700000, 0x0000000705700000, 0x0000000705800000|  0%| F|  |TAMS 0x0000000705700000, 0x0000000705700000| Untracked 
|  52|0x0000000705800000, 0x0000000705800000, 0x0000000705900000|  0%| F|  |TAMS 0x0000000705800000, 0x0000000705800000| Untracked 
|  53|0x0000000705900000, 0x0000000705900000, 0x0000000705a00000|  0%| F|  |TAMS 0x0000000705900000, 0x0000000705900000| Untracked 
|  54|0x0000000705a00000, 0x0000000705a00000, 0x0000000705b00000|  0%| F|  |TAMS 0x0000000705a00000, 0x0000000705a00000| Untracked 
|  55|0x0000000705b00000, 0x0000000705b00000, 0x0000000705c00000|  0%| F|  |TAMS 0x0000000705b00000, 0x0000000705b00000| Untracked 
|  56|0x0000000705c00000, 0x0000000705c00000, 0x0000000705d00000|  0%| F|  |TAMS 0x0000000705c00000, 0x0000000705c00000| Untracked 
|  57|0x0000000705d00000, 0x0000000705d00000, 0x0000000705e00000|  0%| F|  |TAMS 0x0000000705d00000, 0x0000000705d00000| Untracked 
|  58|0x0000000705e00000, 0x0000000705e00000, 0x0000000705f00000|  0%| F|  |TAMS 0x0000000705e00000, 0x0000000705e00000| Untracked 
|  59|0x0000000705f00000, 0x0000000705f00000, 0x0000000706000000|  0%| F|  |TAMS 0x0000000705f00000, 0x0000000705f00000| Untracked 
|  60|0x0000000706000000, 0x0000000706000000, 0x0000000706100000|  0%| F|  |TAMS 0x0000000706000000, 0x0000000706000000| Untracked 
|  61|0x0000000706100000, 0x0000000706100000, 0x0000000706200000|  0%| F|  |TAMS 0x0000000706100000, 0x0000000706100000| Untracked 
|  62|0x0000000706200000, 0x0000000706200000, 0x0000000706300000|  0%| F|  |TAMS 0x0000000706200000, 0x0000000706200000| Untracked 
|  63|0x0000000706300000, 0x0000000706300000, 0x0000000706400000|  0%| F|  |TAMS 0x0000000706300000, 0x0000000706300000| Untracked 
|  64|0x0000000706400000, 0x0000000706400000, 0x0000000706500000|  0%| F|  |TAMS 0x0000000706400000, 0x0000000706400000| Untracked 
|  65|0x0000000706500000, 0x0000000706500000, 0x0000000706600000|  0%| F|  |TAMS 0x0000000706500000, 0x0000000706500000| Untracked 
|  66|0x0000000706600000, 0x0000000706600000, 0x0000000706700000|  0%| F|  |TAMS 0x0000000706600000, 0x0000000706600000| Untracked 
|  67|0x0000000706700000, 0x0000000706700000, 0x0000000706800000|  0%| F|  |TAMS 0x0000000706700000, 0x0000000706700000| Untracked 
|  68|0x0000000706800000, 0x0000000706800000, 0x0000000706900000|  0%| F|  |TAMS 0x0000000706800000, 0x0000000706800000| Untracked 
|  69|0x0000000706900000, 0x0000000706900000, 0x0000000706a00000|  0%| F|  |TAMS 0x0000000706900000, 0x0000000706900000| Untracked 
|  70|0x0000000706a00000, 0x0000000706a00000, 0x0000000706b00000|  0%| F|  |TAMS 0x0000000706a00000, 0x0000000706a00000| Untracked 
|  71|0x0000000706b00000, 0x0000000706b00000, 0x0000000706c00000|  0%| F|  |TAMS 0x0000000706b00000, 0x0000000706b00000| Untracked 
|  72|0x0000000706c00000, 0x0000000706c00000, 0x0000000706d00000|  0%| F|  |TAMS 0x0000000706c00000, 0x0000000706c00000| Untracked 
|  73|0x0000000706d00000, 0x0000000706d00000, 0x0000000706e00000|  0%| F|  |TAMS 0x0000000706d00000, 0x0000000706d00000| Untracked 
|  74|0x0000000706e00000, 0x0000000706e00000, 0x0000000706f00000|  0%| F|  |TAMS 0x0000000706e00000, 0x0000000706e00000| Untracked 
|  75|0x0000000706f00000, 0x0000000706f00000, 0x0000000707000000|  0%| F|  |TAMS 0x0000000706f00000, 0x0000000706f00000| Untracked 
|  76|0x0000000707000000, 0x0000000707000000, 0x0000000707100000|  0%| F|  |TAMS 0x0000000707000000, 0x0000000707000000| Untracked 
|  77|0x0000000707100000, 0x0000000707100000, 0x0000000707200000|  0%| F|  |TAMS 0x0000000707100000, 0x0000000707100000| Untracked 
|  78|0x0000000707200000, 0x0000000707200000, 0x0000000707300000|  0%| F|  |TAMS 0x0000000707200000, 0x0000000707200000| Untracked 
|  79|0x0000000707300000, 0x0000000707300000, 0x0000000707400000|  0%| F|  |TAMS 0x0000000707300000, 0x0000000707300000| Untracked 
|  80|0x0000000707400000, 0x0000000707400000, 0x0000000707500000|  0%| F|  |TAMS 0x0000000707400000, 0x0000000707400000| Untracked 
|  81|0x0000000707500000, 0x0000000707500000, 0x0000000707600000|  0%| F|  |TAMS 0x0000000707500000, 0x0000000707500000| Untracked 
|  82|0x0000000707600000, 0x0000000707600000, 0x0000000707700000|  0%| F|  |TAMS 0x0000000707600000, 0x0000000707600000| Untracked 
|  83|0x0000000707700000, 0x0000000707700000, 0x0000000707800000|  0%| F|  |TAMS 0x0000000707700000, 0x0000000707700000| Untracked 
|  84|0x0000000707800000, 0x0000000707800000, 0x0000000707900000|  0%| F|  |TAMS 0x0000000707800000, 0x0000000707800000| Untracked 
|  85|0x0000000707900000, 0x0000000707900000, 0x0000000707a00000|  0%| F|  |TAMS 0x0000000707900000, 0x0000000707900000| Untracked 
|  86|0x0000000707a00000, 0x0000000707a00000, 0x0000000707b00000|  0%| F|  |TAMS 0x0000000707a00000, 0x0000000707a00000| Untracked 
|  87|0x0000000707b00000, 0x0000000707b00000, 0x0000000707c00000|  0%| F|  |TAMS 0x0000000707b00000, 0x0000000707b00000| Untracked 
|  88|0x0000000707c00000, 0x0000000707c00000, 0x0000000707d00000|  0%| F|  |TAMS 0x0000000707c00000, 0x0000000707c00000| Untracked 
|  89|0x0000000707d00000, 0x0000000707d00000, 0x0000000707e00000|  0%| F|  |TAMS 0x0000000707d00000, 0x0000000707d00000| Untracked 
|  90|0x0000000707e00000, 0x0000000707e00000, 0x0000000707f00000|  0%| F|  |TAMS 0x0000000707e00000, 0x0000000707e00000| Untracked 
|  91|0x0000000707f00000, 0x0000000707f00000, 0x0000000708000000|  0%| F|  |TAMS 0x0000000707f00000, 0x0000000707f00000| Untracked 
|  92|0x0000000708000000, 0x0000000708000000, 0x0000000708100000|  0%| F|  |TAMS 0x0000000708000000, 0x0000000708000000| Untracked 
|  93|0x0000000708100000, 0x0000000708100000, 0x0000000708200000|  0%| F|  |TAMS 0x0000000708100000, 0x0000000708100000| Untracked 
|  94|0x0000000708200000, 0x0000000708200000, 0x0000000708300000|  0%| F|  |TAMS 0x0000000708200000, 0x0000000708200000| Untracked 
|  95|0x0000000708300000, 0x0000000708300000, 0x0000000708400000|  0%| F|  |TAMS 0x0000000708300000, 0x0000000708300000| Untracked 
|  96|0x0000000708400000, 0x0000000708400000, 0x0000000708500000|  0%| F|  |TAMS 0x0000000708400000, 0x0000000708400000| Untracked 
|  97|0x0000000708500000, 0x0000000708500000, 0x0000000708600000|  0%| F|  |TAMS 0x0000000708500000, 0x0000000708500000| Untracked 
|  98|0x0000000708600000, 0x0000000708600000, 0x0000000708700000|  0%| F|  |TAMS 0x0000000708600000, 0x0000000708600000| Untracked 
|  99|0x0000000708700000, 0x0000000708700000, 0x0000000708800000|  0%| F|  |TAMS 0x0000000708700000, 0x0000000708700000| Untracked 
| 100|0x0000000708800000, 0x0000000708800000, 0x0000000708900000|  0%| F|  |TAMS 0x0000000708800000, 0x0000000708800000| Untracked 
| 101|0x0000000708900000, 0x0000000708900000, 0x0000000708a00000|  0%| F|  |TAMS 0x0000000708900000, 0x0000000708900000| Untracked 
| 102|0x0000000708a00000, 0x0000000708a00000, 0x0000000708b00000|  0%| F|  |TAMS 0x0000000708a00000, 0x0000000708a00000| Untracked 
| 103|0x0000000708b00000, 0x0000000708b00000, 0x0000000708c00000|  0%| F|  |TAMS 0x0000000708b00000, 0x0000000708b00000| Untracked 
| 104|0x0000000708c00000, 0x0000000708c00000, 0x0000000708d00000|  0%| F|  |TAMS 0x0000000708c00000, 0x0000000708c00000| Untracked 
| 105|0x0000000708d00000, 0x0000000708d00000, 0x0000000708e00000|  0%| F|  |TAMS 0x0000000708d00000, 0x0000000708d00000| Untracked 
| 106|0x0000000708e00000, 0x0000000708e00000, 0x0000000708f00000|  0%| F|  |TAMS 0x0000000708e00000, 0x0000000708e00000| Untracked 
| 107|0x0000000708f00000, 0x0000000708f00000, 0x0000000709000000|  0%| F|  |TAMS 0x0000000708f00000, 0x0000000708f00000| Untracked 
| 108|0x0000000709000000, 0x0000000709000000, 0x0000000709100000|  0%| F|  |TAMS 0x0000000709000000, 0x0000000709000000| Untracked 
| 109|0x0000000709100000, 0x0000000709100000, 0x0000000709200000|  0%| F|  |TAMS 0x0000000709100000, 0x0000000709100000| Untracked 
| 110|0x0000000709200000, 0x0000000709200000, 0x0000000709300000|  0%| F|  |TAMS 0x0000000709200000, 0x0000000709200000| Untracked 
| 111|0x0000000709300000, 0x0000000709300000, 0x0000000709400000|  0%| F|  |TAMS 0x0000000709300000, 0x0000000709300000| Untracked 
| 112|0x0000000709400000, 0x0000000709400000, 0x0000000709500000|  0%| F|  |TAMS 0x0000000709400000, 0x0000000709400000| Untracked 
| 113|0x0000000709500000, 0x0000000709500000, 0x0000000709600000|  0%| F|  |TAMS 0x0000000709500000, 0x0000000709500000| Untracked 
| 114|0x0000000709600000, 0x0000000709600000, 0x0000000709700000|  0%| F|  |TAMS 0x0000000709600000, 0x0000000709600000| Untracked 
| 115|0x0000000709700000, 0x0000000709700000, 0x0000000709800000|  0%| F|  |TAMS 0x0000000709700000, 0x0000000709700000| Untracked 
| 116|0x0000000709800000, 0x0000000709800000, 0x0000000709900000|  0%| F|  |TAMS 0x0000000709800000, 0x0000000709800000| Untracked 
| 117|0x0000000709900000, 0x0000000709900000, 0x0000000709a00000|  0%| F|  |TAMS 0x0000000709900000, 0x0000000709900000| Untracked 
| 118|0x0000000709a00000, 0x0000000709a00000, 0x0000000709b00000|  0%| F|  |TAMS 0x0000000709a00000, 0x0000000709a00000| Untracked 
| 119|0x0000000709b00000, 0x0000000709b00000, 0x0000000709c00000|  0%| F|  |TAMS 0x0000000709b00000, 0x0000000709b00000| Untracked 
| 120|0x0000000709c00000, 0x0000000709c00000, 0x0000000709d00000|  0%| F|  |TAMS 0x0000000709c00000, 0x0000000709c00000| Untracked 
| 121|0x0000000709d00000, 0x0000000709d00000, 0x0000000709e00000|  0%| F|  |TAMS 0x0000000709d00000, 0x0000000709d00000| Untracked 
| 122|0x0000000709e00000, 0x0000000709e00000, 0x0000000709f00000|  0%| F|  |TAMS 0x0000000709e00000, 0x0000000709e00000| Untracked 
| 123|0x0000000709f00000, 0x0000000709f00000, 0x000000070a000000|  0%| F|  |TAMS 0x0000000709f00000, 0x0000000709f00000| Untracked 
| 124|0x000000070a000000, 0x000000070a000000, 0x000000070a100000|  0%| F|  |TAMS 0x000000070a000000, 0x000000070a000000| Untracked 
| 125|0x000000070a100000, 0x000000070a100000, 0x000000070a200000|  0%| F|  |TAMS 0x000000070a100000, 0x000000070a100000| Untracked 
| 126|0x000000070a200000, 0x000000070a200000, 0x000000070a300000|  0%| F|  |TAMS 0x000000070a200000, 0x000000070a200000| Untracked 
| 127|0x000000070a300000, 0x000000070a300000, 0x000000070a400000|  0%| F|  |TAMS 0x000000070a300000, 0x000000070a300000| Untracked 
| 128|0x000000070a400000, 0x000000070a400000, 0x000000070a500000|  0%| F|  |TAMS 0x000000070a400000, 0x000000070a400000| Untracked 
| 129|0x000000070a500000, 0x000000070a500000, 0x000000070a600000|  0%| F|  |TAMS 0x000000070a500000, 0x000000070a500000| Untracked 
| 130|0x000000070a600000, 0x000000070a600000, 0x000000070a700000|  0%| F|  |TAMS 0x000000070a600000, 0x000000070a600000| Untracked 
| 131|0x000000070a700000, 0x000000070a700000, 0x000000070a800000|  0%| F|  |TAMS 0x000000070a700000, 0x000000070a700000| Untracked 
| 132|0x000000070a800000, 0x000000070a800000, 0x000000070a900000|  0%| F|  |TAMS 0x000000070a800000, 0x000000070a800000| Untracked 
| 133|0x000000070a900000, 0x000000070a900000, 0x000000070aa00000|  0%| F|  |TAMS 0x000000070a900000, 0x000000070a900000| Untracked 
| 134|0x000000070aa00000, 0x000000070aa00000, 0x000000070ab00000|  0%| F|  |TAMS 0x000000070aa00000, 0x000000070aa00000| Untracked 
| 135|0x000000070ab00000, 0x000000070ab00000, 0x000000070ac00000|  0%| F|  |TAMS 0x000000070ab00000, 0x000000070ab00000| Untracked 
| 136|0x000000070ac00000, 0x000000070ac00000, 0x000000070ad00000|  0%| F|  |TAMS 0x000000070ac00000, 0x000000070ac00000| Untracked 
| 137|0x000000070ad00000, 0x000000070ad00000, 0x000000070ae00000|  0%| F|  |TAMS 0x000000070ad00000, 0x000000070ad00000| Untracked 
| 138|0x000000070ae00000, 0x000000070ae00000, 0x000000070af00000|  0%| F|  |TAMS 0x000000070ae00000, 0x000000070ae00000| Untracked 
| 139|0x000000070af00000, 0x000000070af00000, 0x000000070b000000|  0%| F|  |TAMS 0x000000070af00000, 0x000000070af00000| Untracked 
| 140|0x000000070b000000, 0x000000070b000000, 0x000000070b100000|  0%| F|  |TAMS 0x000000070b000000, 0x000000070b000000| Untracked 
| 141|0x000000070b100000, 0x000000070b100000, 0x000000070b200000|  0%| F|  |TAMS 0x000000070b100000, 0x000000070b100000| Untracked 
| 142|0x000000070b200000, 0x000000070b200000, 0x000000070b300000|  0%| F|  |TAMS 0x000000070b200000, 0x000000070b200000| Untracked 
| 143|0x000000070b300000, 0x000000070b300000, 0x000000070b400000|  0%| F|  |TAMS 0x000000070b300000, 0x000000070b300000| Untracked 
| 144|0x000000070b400000, 0x000000070b400000, 0x000000070b500000|  0%| F|  |TAMS 0x000000070b400000, 0x000000070b400000| Untracked 
| 145|0x000000070b500000, 0x000000070b500000, 0x000000070b600000|  0%| F|  |TAMS 0x000000070b500000, 0x000000070b500000| Untracked 
| 146|0x000000070b600000, 0x000000070b600000, 0x000000070b700000|  0%| F|  |TAMS 0x000000070b600000, 0x000000070b600000| Untracked 
| 147|0x000000070b700000, 0x000000070b700000, 0x000000070b800000|  0%| F|  |TAMS 0x000000070b700000, 0x000000070b700000| Untracked 
| 148|0x000000070b800000, 0x000000070b800000, 0x000000070b900000|  0%| F|  |TAMS 0x000000070b800000, 0x000000070b800000| Untracked 
| 149|0x000000070b900000, 0x000000070b900000, 0x000000070ba00000|  0%| F|  |TAMS 0x000000070b900000, 0x000000070b900000| Untracked 
| 150|0x000000070ba00000, 0x000000070ba00000, 0x000000070bb00000|  0%| F|  |TAMS 0x000000070ba00000, 0x000000070ba00000| Untracked 
| 151|0x000000070bb00000, 0x000000070bb00000, 0x000000070bc00000|  0%| F|  |TAMS 0x000000070bb00000, 0x000000070bb00000| Untracked 
| 152|0x000000070bc00000, 0x000000070bc00000, 0x000000070bd00000|  0%| F|  |TAMS 0x000000070bc00000, 0x000000070bc00000| Untracked 
| 153|0x000000070bd00000, 0x000000070bd00000, 0x000000070be00000|  0%| F|  |TAMS 0x000000070bd00000, 0x000000070bd00000| Untracked 
| 154|0x000000070be00000, 0x000000070be00000, 0x000000070bf00000|  0%| F|  |TAMS 0x000000070be00000, 0x000000070be00000| Untracked 
| 155|0x000000070bf00000, 0x000000070bf00000, 0x000000070c000000|  0%| F|  |TAMS 0x000000070bf00000, 0x000000070bf00000| Untracked 
| 156|0x000000070c000000, 0x000000070c000000, 0x000000070c100000|  0%| F|  |TAMS 0x000000070c000000, 0x000000070c000000| Untracked 
| 157|0x000000070c100000, 0x000000070c100000, 0x000000070c200000|  0%| F|  |TAMS 0x000000070c100000, 0x000000070c100000| Untracked 
| 158|0x000000070c200000, 0x000000070c200000, 0x000000070c300000|  0%| F|  |TAMS 0x000000070c200000, 0x000000070c200000| Untracked 
| 159|0x000000070c300000, 0x000000070c300000, 0x000000070c400000|  0%| F|  |TAMS 0x000000070c300000, 0x000000070c300000| Untracked 
| 160|0x000000070c400000, 0x000000070c400000, 0x000000070c500000|  0%| F|  |TAMS 0x000000070c400000, 0x000000070c400000| Untracked 
| 161|0x000000070c500000, 0x000000070c500000, 0x000000070c600000|  0%| F|  |TAMS 0x000000070c500000, 0x000000070c500000| Untracked 
| 162|0x000000070c600000, 0x000000070c600000, 0x000000070c700000|  0%| F|  |TAMS 0x000000070c600000, 0x000000070c600000| Untracked 
| 163|0x000000070c700000, 0x000000070c700000, 0x000000070c800000|  0%| F|  |TAMS 0x000000070c700000, 0x000000070c700000| Untracked 
| 164|0x000000070c800000, 0x000000070c800000, 0x000000070c900000|  0%| F|  |TAMS 0x000000070c800000, 0x000000070c800000| Untracked 
| 165|0x000000070c900000, 0x000000070c900000, 0x000000070ca00000|  0%| F|  |TAMS 0x000000070c900000, 0x000000070c900000| Untracked 
| 166|0x000000070ca00000, 0x000000070ca00000, 0x000000070cb00000|  0%| F|  |TAMS 0x000000070ca00000, 0x000000070ca00000| Untracked 
| 167|0x000000070cb00000, 0x000000070cb00000, 0x000000070cc00000|  0%| F|  |TAMS 0x000000070cb00000, 0x000000070cb00000| Untracked 
| 168|0x000000070cc00000, 0x000000070cc00000, 0x000000070cd00000|  0%| F|  |TAMS 0x000000070cc00000, 0x000000070cc00000| Untracked 
| 169|0x000000070cd00000, 0x000000070cd00000, 0x000000070ce00000|  0%| F|  |TAMS 0x000000070cd00000, 0x000000070cd00000| Untracked 
| 170|0x000000070ce00000, 0x000000070ce00000, 0x000000070cf00000|  0%| F|  |TAMS 0x000000070ce00000, 0x000000070ce00000| Untracked 
| 171|0x000000070cf00000, 0x000000070cf00000, 0x000000070d000000|  0%| F|  |TAMS 0x000000070cf00000, 0x000000070cf00000| Untracked 
| 172|0x000000070d000000, 0x000000070d000000, 0x000000070d100000|  0%| F|  |TAMS 0x000000070d000000, 0x000000070d000000| Untracked 
| 173|0x000000070d100000, 0x000000070d100000, 0x000000070d200000|  0%| F|  |TAMS 0x000000070d100000, 0x000000070d100000| Untracked 
| 174|0x000000070d200000, 0x000000070d200000, 0x000000070d300000|  0%| F|  |TAMS 0x000000070d200000, 0x000000070d200000| Untracked 
| 175|0x000000070d300000, 0x000000070d300000, 0x000000070d400000|  0%| F|  |TAMS 0x000000070d300000, 0x000000070d300000| Untracked 
| 176|0x000000070d400000, 0x000000070d400000, 0x000000070d500000|  0%| F|  |TAMS 0x000000070d400000, 0x000000070d400000| Untracked 
| 177|0x000000070d500000, 0x000000070d500000, 0x000000070d600000|  0%| F|  |TAMS 0x000000070d500000, 0x000000070d500000| Untracked 
| 178|0x000000070d600000, 0x000000070d600000, 0x000000070d700000|  0%| F|  |TAMS 0x000000070d600000, 0x000000070d600000| Untracked 
| 179|0x000000070d700000, 0x000000070d700000, 0x000000070d800000|  0%| F|  |TAMS 0x000000070d700000, 0x000000070d700000| Untracked 
| 180|0x000000070d800000, 0x000000070d800000, 0x000000070d900000|  0%| F|  |TAMS 0x000000070d800000, 0x000000070d800000| Untracked 
| 181|0x000000070d900000, 0x000000070d900000, 0x000000070da00000|  0%| F|  |TAMS 0x000000070d900000, 0x000000070d900000| Untracked 
| 182|0x000000070da00000, 0x000000070da00000, 0x000000070db00000|  0%| F|  |TAMS 0x000000070da00000, 0x000000070da00000| Untracked 
| 183|0x000000070db00000, 0x000000070db00000, 0x000000070dc00000|  0%| F|  |TAMS 0x000000070db00000, 0x000000070db00000| Untracked 
| 184|0x000000070dc00000, 0x000000070dc00000, 0x000000070dd00000|  0%| F|  |TAMS 0x000000070dc00000, 0x000000070dc00000| Untracked 
| 185|0x000000070dd00000, 0x000000070dd00000, 0x000000070de00000|  0%| F|  |TAMS 0x000000070dd00000, 0x000000070dd00000| Untracked 
| 186|0x000000070de00000, 0x000000070de00000, 0x000000070df00000|  0%| F|  |TAMS 0x000000070de00000, 0x000000070de00000| Untracked 
| 187|0x000000070df00000, 0x000000070df00000, 0x000000070e000000|  0%| F|  |TAMS 0x000000070df00000, 0x000000070df00000| Untracked 
| 188|0x000000070e000000, 0x000000070e000000, 0x000000070e100000|  0%| F|  |TAMS 0x000000070e000000, 0x000000070e000000| Untracked 
| 189|0x000000070e100000, 0x000000070e100000, 0x000000070e200000|  0%| F|  |TAMS 0x000000070e100000, 0x000000070e100000| Untracked 
| 190|0x000000070e200000, 0x000000070e200000, 0x000000070e300000|  0%| F|  |TAMS 0x000000070e200000, 0x000000070e200000| Untracked 
| 191|0x000000070e300000, 0x000000070e300000, 0x000000070e400000|  0%| F|  |TAMS 0x000000070e300000, 0x000000070e300000| Untracked 
| 192|0x000000070e400000, 0x000000070e400000, 0x000000070e500000|  0%| F|  |TAMS 0x000000070e400000, 0x000000070e400000| Untracked 
| 193|0x000000070e500000, 0x000000070e500000, 0x000000070e600000|  0%| F|  |TAMS 0x000000070e500000, 0x000000070e500000| Untracked 
| 194|0x000000070e600000, 0x000000070e600000, 0x000000070e700000|  0%| F|  |TAMS 0x000000070e600000, 0x000000070e600000| Untracked 
| 195|0x000000070e700000, 0x000000070e700000, 0x000000070e800000|  0%| F|  |TAMS 0x000000070e700000, 0x000000070e700000| Untracked 
| 196|0x000000070e800000, 0x000000070e800000, 0x000000070e900000|  0%| F|  |TAMS 0x000000070e800000, 0x000000070e800000| Untracked 
| 197|0x000000070e900000, 0x000000070e900000, 0x000000070ea00000|  0%| F|  |TAMS 0x000000070e900000, 0x000000070e900000| Untracked 
| 198|0x000000070ea00000, 0x000000070ea00000, 0x000000070eb00000|  0%| F|  |TAMS 0x000000070ea00000, 0x000000070ea00000| Untracked 
| 199|0x000000070eb00000, 0x000000070eb00000, 0x000000070ec00000|  0%| F|  |TAMS 0x000000070eb00000, 0x000000070eb00000| Untracked 
| 200|0x000000070ec00000, 0x000000070ec00000, 0x000000070ed00000|  0%| F|  |TAMS 0x000000070ec00000, 0x000000070ec00000| Untracked 
| 201|0x000000070ed00000, 0x000000070ed00000, 0x000000070ee00000|  0%| F|  |TAMS 0x000000070ed00000, 0x000000070ed00000| Untracked 
| 202|0x000000070ee00000, 0x000000070ee00000, 0x000000070ef00000|  0%| F|  |TAMS 0x000000070ee00000, 0x000000070ee00000| Untracked 
| 203|0x000000070ef00000, 0x000000070ef00000, 0x000000070f000000|  0%| F|  |TAMS 0x000000070ef00000, 0x000000070ef00000| Untracked 
| 204|0x000000070f000000, 0x000000070f000000, 0x000000070f100000|  0%| F|  |TAMS 0x000000070f000000, 0x000000070f000000| Untracked 
| 205|0x000000070f100000, 0x000000070f100000, 0x000000070f200000|  0%| F|  |TAMS 0x000000070f100000, 0x000000070f100000| Untracked 
| 206|0x000000070f200000, 0x000000070f200000, 0x000000070f300000|  0%| F|  |TAMS 0x000000070f200000, 0x000000070f200000| Untracked 
| 207|0x000000070f300000, 0x000000070f300000, 0x000000070f400000|  0%| F|  |TAMS 0x000000070f300000, 0x000000070f300000| Untracked 
| 208|0x000000070f400000, 0x000000070f400000, 0x000000070f500000|  0%| F|  |TAMS 0x000000070f400000, 0x000000070f400000| Untracked 
| 209|0x000000070f500000, 0x000000070f500800, 0x000000070f600000|  0%| E|  |TAMS 0x000000070f500000, 0x000000070f500000| Complete 
| 210|0x000000070f600000, 0x000000070f700000, 0x000000070f700000|100%| E|CS|TAMS 0x000000070f600000, 0x000000070f600000| Complete 
| 211|0x000000070f700000, 0x000000070f800000, 0x000000070f800000|100%| E|CS|TAMS 0x000000070f700000, 0x000000070f700000| Complete 
| 212|0x000000070f800000, 0x000000070f900000, 0x000000070f900000|100%| E|CS|TAMS 0x000000070f800000, 0x000000070f800000| Complete 
| 213|0x000000070f900000, 0x000000070fa00000, 0x000000070fa00000|100%| E|CS|TAMS 0x000000070f900000, 0x000000070f900000| Complete 
| 214|0x000000070fa00000, 0x000000070fb00000, 0x000000070fb00000|100%| E|CS|TAMS 0x000000070fa00000, 0x000000070fa00000| Complete 
| 215|0x000000070fb00000, 0x000000070fb981c0, 0x000000070fc00000| 59%| S|CS|TAMS 0x000000070fb00000, 0x000000070fb00000| Complete 
| 216|0x000000070fc00000, 0x000000070fd00000, 0x000000070fd00000|100%| S|CS|TAMS 0x000000070fc00000, 0x000000070fc00000| Complete 
| 217|0x000000070fd00000, 0x000000070fe00000, 0x000000070fe00000|100%| S|CS|TAMS 0x000000070fd00000, 0x000000070fd00000| Complete 
| 218|0x000000070fe00000, 0x000000070ff00000, 0x000000070ff00000|100%| E|CS|TAMS 0x000000070fe00000, 0x000000070fe00000| Complete 
| 219|0x000000070ff00000, 0x0000000710000000, 0x0000000710000000|100%| E|CS|TAMS 0x000000070ff00000, 0x000000070ff00000| Complete 
| 220|0x0000000710000000, 0x0000000710100000, 0x0000000710100000|100%| E|CS|TAMS 0x0000000710000000, 0x0000000710000000| Complete 
| 221|0x0000000710100000, 0x0000000710200000, 0x0000000710200000|100%| E|CS|TAMS 0x0000000710100000, 0x0000000710100000| Complete 
| 222|0x0000000710200000, 0x0000000710300000, 0x0000000710300000|100%| E|CS|TAMS 0x0000000710200000, 0x0000000710200000| Complete 
| 223|0x0000000710300000, 0x0000000710400000, 0x0000000710400000|100%| E|CS|TAMS 0x0000000710300000, 0x0000000710300000| Complete 
| 224|0x0000000710400000, 0x0000000710500000, 0x0000000710500000|100%| E|CS|TAMS 0x0000000710400000, 0x0000000710400000| Complete 
| 225|0x0000000710500000, 0x0000000710600000, 0x0000000710600000|100%| E|CS|TAMS 0x0000000710500000, 0x0000000710500000| Complete 
| 226|0x0000000710600000, 0x0000000710700000, 0x0000000710700000|100%| E|CS|TAMS 0x0000000710600000, 0x0000000710600000| Complete 
| 227|0x0000000710700000, 0x0000000710800000, 0x0000000710800000|100%| E|CS|TAMS 0x0000000710700000, 0x0000000710700000| Complete 
| 228|0x0000000710800000, 0x0000000710900000, 0x0000000710900000|100%| E|CS|TAMS 0x0000000710800000, 0x0000000710800000| Complete 
| 229|0x0000000710900000, 0x0000000710a00000, 0x0000000710a00000|100%| E|CS|TAMS 0x0000000710900000, 0x0000000710900000| Complete 
| 230|0x0000000710a00000, 0x0000000710b00000, 0x0000000710b00000|100%| E|CS|TAMS 0x0000000710a00000, 0x0000000710a00000| Complete 
| 231|0x0000000710b00000, 0x0000000710c00000, 0x0000000710c00000|100%| E|CS|TAMS 0x0000000710b00000, 0x0000000710b00000| Complete 
| 232|0x0000000710c00000, 0x0000000710d00000, 0x0000000710d00000|100%| E|CS|TAMS 0x0000000710c00000, 0x0000000710c00000| Complete 
| 233|0x0000000710d00000, 0x0000000710e00000, 0x0000000710e00000|100%| E|CS|TAMS 0x0000000710d00000, 0x0000000710d00000| Complete 
| 234|0x0000000710e00000, 0x0000000710f00000, 0x0000000710f00000|100%| E|CS|TAMS 0x0000000710e00000, 0x0000000710e00000| Complete 
| 235|0x0000000710f00000, 0x0000000711000000, 0x0000000711000000|100%| E|CS|TAMS 0x0000000710f00000, 0x0000000710f00000| Complete 
| 236|0x0000000711000000, 0x0000000711100000, 0x0000000711100000|100%| E|CS|TAMS 0x0000000711000000, 0x0000000711000000| Complete 
| 237|0x0000000711100000, 0x0000000711200000, 0x0000000711200000|100%| E|CS|TAMS 0x0000000711100000, 0x0000000711100000| Complete 
| 238|0x0000000711200000, 0x0000000711300000, 0x0000000711300000|100%| E|CS|TAMS 0x0000000711200000, 0x0000000711200000| Complete 
| 239|0x0000000711300000, 0x0000000711400000, 0x0000000711400000|100%| E|CS|TAMS 0x0000000711300000, 0x0000000711300000| Complete 
| 240|0x0000000711400000, 0x0000000711500000, 0x0000000711500000|100%| E|CS|TAMS 0x0000000711400000, 0x0000000711400000| Complete 
| 241|0x0000000711500000, 0x0000000711600000, 0x0000000711600000|100%| E|CS|TAMS 0x0000000711500000, 0x0000000711500000| Complete 
| 242|0x0000000711600000, 0x0000000711700000, 0x0000000711700000|100%| E|CS|TAMS 0x0000000711600000, 0x0000000711600000| Complete 
| 243|0x0000000711700000, 0x0000000711800000, 0x0000000711800000|100%| E|CS|TAMS 0x0000000711700000, 0x0000000711700000| Complete 
| 244|0x0000000711800000, 0x0000000711900000, 0x0000000711900000|100%| E|CS|TAMS 0x0000000711800000, 0x0000000711800000| Complete 
| 245|0x0000000711900000, 0x0000000711a00000, 0x0000000711a00000|100%| E|CS|TAMS 0x0000000711900000, 0x0000000711900000| Complete 
| 246|0x0000000711a00000, 0x0000000711b00000, 0x0000000711b00000|100%| E|CS|TAMS 0x0000000711a00000, 0x0000000711a00000| Complete 
| 247|0x0000000711b00000, 0x0000000711c00000, 0x0000000711c00000|100%| E|CS|TAMS 0x0000000711b00000, 0x0000000711b00000| Complete 
| 248|0x0000000711c00000, 0x0000000711d00000, 0x0000000711d00000|100%| E|CS|TAMS 0x0000000711c00000, 0x0000000711c00000| Complete 
| 249|0x0000000711d00000, 0x0000000711e00000, 0x0000000711e00000|100%| E|CS|TAMS 0x0000000711d00000, 0x0000000711d00000| Complete 
| 250|0x0000000711e00000, 0x0000000711f00000, 0x0000000711f00000|100%| E|CS|TAMS 0x0000000711e00000, 0x0000000711e00000| Complete 
| 251|0x0000000711f00000, 0x0000000712000000, 0x0000000712000000|100%| E|CS|TAMS 0x0000000711f00000, 0x0000000711f00000| Complete 
| 252|0x0000000712000000, 0x0000000712100000, 0x0000000712100000|100%| E|CS|TAMS 0x0000000712000000, 0x0000000712000000| Complete 
| 253|0x0000000712100000, 0x0000000712200000, 0x0000000712200000|100%| E|  |TAMS 0x0000000712100000, 0x0000000712100000| Complete 

Card table byte_map: [0x000001e5c39c0000,0x000001e5c41b0000] _byte_map_base: 0x000001e5c01ae000

Marking Bits (Prev, Next): (CMBitMap*) 0x000001e5ab545ab8, (CMBitMap*) 0x000001e5ab545af8
 Prev Bits: [0x000001e5c49a0000, 0x000001e5c8910000)
 Next Bits: [0x000001e5c8910000, 0x000001e5cc880000)

Polling page: 0x000001e5a9430000

Metaspace:

Usage:
  Non-class:      5.51 MB capacity,     3.47 MB ( 63%) used,     2.03 MB ( 37%) free+waste,     6.69 KB ( <1%) overhead. 
      Class:    539.00 KB capacity,   275.20 KB ( 51%) used,   260.18 KB ( 48%) free+waste,     3.63 KB ( <1%) overhead. 
       Both:      6.04 MB capacity,     3.74 MB ( 62%) used,     2.28 MB ( 38%) free+waste,    10.31 KB ( <1%) overhead. 

Virtual space:
  Non-class space:        8.00 MB reserved,       5.75 MB ( 72%) committed 
      Class space:        1.00 GB reserved,     640.00 KB ( <1%) committed 
             Both:        1.01 GB reserved,       6.38 MB ( <1%) committed 

Chunk freelists:
   Non-Class:  55.00 KB
       Class:  0 bytes
        Both:  55.00 KB

MaxMetaspaceSize: 17179869184.00 GB
CompressedClassSpaceSize: 1.00 GB

CodeHeap 'non-profiled nmethods': size=120000Kb used=867Kb max_used=867Kb free=119132Kb
 bounds [0x000001e5bb750000, 0x000001e5bb9c0000, 0x000001e5c2c80000]
CodeHeap 'profiled nmethods': size=120000Kb used=2149Kb max_used=2149Kb free=117850Kb
 bounds [0x000001e5b4220000, 0x000001e5b4490000, 0x000001e5bb750000]
CodeHeap 'non-nmethods': size=5760Kb used=1226Kb max_used=1275Kb free=4533Kb
 bounds [0x000001e5b3c80000, 0x000001e5b3ef0000, 0x000001e5b4220000]
 total_blobs=2456 nmethods=1233 adapters=412
 compilation: enabled
              stopped_count=0, restarted_count=0
 full_count=0

Compilation events (20 events):
Event: 48.309 Thread 0x000001e5cfebf000 1227  s    4       org.lwjgl.opengl.EventQueue::copyEvents (77 bytes)
Event: 48.315 Thread 0x000001e5cfebf000 nmethod 1227 0x000001e5bb81cc90 code [0x000001e5bb81cfe0, 0x000001e5bb81dcf8]
Event: 52.341 Thread 0x000001e5cfebf000 1228       4       data.ui.TileZone::draw (73 bytes)
Event: 52.344 Thread 0x000001e5cfebf000 nmethod 1228 0x000001e5bb81e510 code [0x000001e5bb81e740, 0x000001e5bb81eba8]
Event: 89.413 Thread 0x000001e5cfebf000 1229       4       org.lwjgl.opengl.Sync$RunningAvg::dampenForLowResTicker (42 bytes)
Event: 89.417 Thread 0x000001e5cfebf000 nmethod 1229 0x000001e5bb81ef90 code [0x000001e5bb81f1c0, 0x000001e5bb81f558]
Event: 93.097 Thread 0x000001e5cfebf000 1230   !   4       org.lwjgl.input.Mouse::poll (215 bytes)
Event: 93.102 Thread 0x000001e5cfebf000 nmethod 1230 0x000001e5bb81f710 code [0x000001e5bb81fa80, 0x000001e5bb8206f8]
Event: 93.113 Thread 0x000001e5cfebf000 1231       4       org.lwjgl.opengl.Display::update (5 bytes)
Event: 93.129 Thread 0x000001e5cfebf000 nmethod 1231 0x000001e5bb820e10 code [0x000001e5bb8213e0, 0x000001e5bb8232d0]
Event: 93.129 Thread 0x000001e5cfebf000 1232   !   4       org.lwjgl.opengl.Display::isCloseRequested (38 bytes)
Event: 93.130 Thread 0x000001e5cfebf000 nmethod 1232 0x000001e5bb824290 code [0x000001e5bb824420, 0x000001e5bb824698]
Event: 93.138 Thread 0x000001e5cfebf000 1233       4       UI.UI::draw (92 bytes)
Event: 93.141 Thread 0x000001e5cfebf000 nmethod 1233 0x000001e5bb824790 code [0x000001e5bb8249a0, 0x000001e5bb824d88]
Event: 95.254 Thread 0x000001e5cfebf000 1234       4       data.model.DesignController::update (65 bytes)
Event: 95.271 Thread 0x000001e5cfebf000 nmethod 1234 0x000001e5bb825110 code [0x000001e5bb825760, 0x000001e5bb827398]
Event: 95.584 Thread 0x000001e5cfebf000 1235       4       data.ui.grid.GardenGrid::drawZones (37 bytes)
Event: 95.586 Thread 0x000001e5cfebf000 nmethod 1235 0x000001e5bb828410 code [0x000001e5bb828620, 0x000001e5bb828968]
Event: 110.718 Thread 0x000001e5cfebf000 1236       4       org.lwjgl.opengl.Display::sync (5 bytes)
Event: 110.718 Thread 0x000001e5cfebf000 nmethod 1236 0x000001e5bb828c10 code [0x000001e5bb828da0, 0x000001e5bb828e08]

GC Heap History (4 events):
Event: 0.871 GC heap before
{Heap before GC invocations=0 (full 0):
 garbage-first heap   total 260096K, used 23552K [0x0000000702400000, 0x0000000800000000)
  region size 1024K, 23 young (23552K), 0 survivors (0K)
 Metaspace       used 3280K, capacity 5917K, committed 6144K, reserved 1056768K
  class space    used 230K, capacity 511K, committed 512K, reserved 1048576K
}
Event: 0.874 GC heap after
{Heap after GC invocations=1 (full 0):
 garbage-first heap   total 260096K, used 2127K [0x0000000702400000, 0x0000000800000000)
  region size 1024K, 3 young (3072K), 3 survivors (3072K)
 Metaspace       used 3280K, capacity 5917K, committed 6144K, reserved 1056768K
  class space    used 230K, capacity 511K, committed 512K, reserved 1048576K
}
Event: 1.201 GC heap before
{Heap before GC invocations=1 (full 0):
 garbage-first heap   total 260096K, used 35919K [0x0000000702400000, 0x0000000800000000)
  region size 1024K, 36 young (36864K), 3 survivors (3072K)
 Metaspace       used 3355K, capacity 5917K, committed 6144K, reserved 1056768K
  class space    used 230K, capacity 511K, committed 512K, reserved 1048576K
}
Event: 1.204 GC heap after
{Heap after GC invocations=2 (full 0):
 garbage-first heap   total 260096K, used 2656K [0x0000000702400000, 0x0000000800000000)
  region size 1024K, 3 young (3072K), 3 survivors (3072K)
 Metaspace       used 3355K, capacity 5917K, committed 6144K, reserved 1056768K
  class space    used 230K, capacity 511K, committed 512K, reserved 1048576K
}

Deoptimization events (20 events):
Event: 36.920 Thread 0x000001e5ab4dc800 DEOPT PACKING pc=0x000001e5bb810840 sp=0x000000239baff2a0
Event: 36.920 Thread 0x000001e5ab4dc800 DEOPT UNPACKING pc=0x000001e5b3cc912f sp=0x000000239baff1f0 mode 2
Event: 36.953 Thread 0x000001e5ab4dc800 Uncommon trap: trap_request=0xffffff45 fr.pc=0x000001e5bb813ce4 relative=0x00000000000018a4
Event: 36.953 Thread 0x000001e5ab4dc800 Uncommon trap: reason=unstable_if action=reinterpret pc=0x000001e5bb813ce4 method=data.ui.tiles.ItemTile.draw()V @ 27 c2
Event: 36.953 Thread 0x000001e5ab4dc800 DEOPT PACKING pc=0x000001e5bb813ce4 sp=0x000000239baff280
Event: 36.953 Thread 0x000001e5ab4dc800 DEOPT UNPACKING pc=0x000001e5b3cc912f sp=0x000000239baff1f0 mode 2
Event: 37.004 Thread 0x000001e5ab4dc800 DEOPT PACKING pc=0x000001e5b443845e sp=0x000000239baff2b0
Event: 37.004 Thread 0x000001e5ab4dc800 DEOPT UNPACKING pc=0x000001e5b3cc964e sp=0x000000239bafe748 mode 0
Event: 37.119 Thread 0x000001e5ab4dc800 DEOPT PACKING pc=0x000001e5b443845e sp=0x000000239baff2b0
Event: 37.119 Thread 0x000001e5ab4dc800 DEOPT UNPACKING pc=0x000001e5b3cc964e sp=0x000000239bafe748 mode 0
Event: 37.235 Thread 0x000001e5ab4dc800 DEOPT PACKING pc=0x000001e5b443845e sp=0x000000239baff2b0
Event: 37.235 Thread 0x000001e5ab4dc800 DEOPT UNPACKING pc=0x000001e5b3cc964e sp=0x000000239bafe748 mode 0
Event: 37.337 Thread 0x000001e5ab4dc800 DEOPT PACKING pc=0x000001e5b443845e sp=0x000000239baff2b0
Event: 37.337 Thread 0x000001e5ab4dc800 DEOPT UNPACKING pc=0x000001e5b3cc964e sp=0x000000239bafe748 mode 0
Event: 37.452 Thread 0x000001e5ab4dc800 DEOPT PACKING pc=0x000001e5b443845e sp=0x000000239baff2b0
Event: 37.452 Thread 0x000001e5ab4dc800 DEOPT UNPACKING pc=0x000001e5b3cc964e sp=0x000000239bafe748 mode 0
Event: 37.554 Thread 0x000001e5ab4dc800 DEOPT PACKING pc=0x000001e5b443845e sp=0x000000239baff2b0
Event: 37.554 Thread 0x000001e5ab4dc800 DEOPT UNPACKING pc=0x000001e5b3cc964e sp=0x000000239bafe748 mode 0
Event: 37.670 Thread 0x000001e5ab4dc800 DEOPT PACKING pc=0x000001e5b443845e sp=0x000000239baff2b0
Event: 37.670 Thread 0x000001e5ab4dc800 DEOPT UNPACKING pc=0x000001e5b3cc964e sp=0x000000239bafe748 mode 0

Classes unloaded (0 events):
No events

Classes redefined (0 events):
No events

Internal exceptions (1 events):
Event: 36.908 Thread 0x000001e5ab4dc800 Exception <a 'java/lang/NoSuchMethodError'{0x000000070f650ba8}: 'java.lang.Object java.lang.invoke.Invokers$Holder.linkToTargetMethod(java.lang.Object, int, int, java.lang.Object)'> (0x000000070f650ba8) 
thrown [./open/src/hotspot/share/interpreter/linkResolver.cpp, line 766]

Events (20 events):
Event: 36.901 loading class java/util/stream/MatchOps$MatchOp
Event: 36.901 loading class java/util/stream/MatchOps$MatchOp done
Event: 36.901 loading class java/util/stream/MatchOps$BooleanTerminalSink
Event: 36.901 loading class java/util/stream/MatchOps$BooleanTerminalSink done
Event: 36.901 loading class java/util/stream/MatchOps$1MatchSink
Event: 36.902 loading class java/util/stream/MatchOps$1MatchSink done
Event: 36.902 Executing VM operation: HandshakeAllThreads
Event: 36.902 Executing VM operation: HandshakeAllThreads done
Event: 36.905 loading class java/lang/invoke/BoundMethodHandle$Species_LLLLLLL
Event: 36.905 loading class java/lang/invoke/BoundMethodHandle$Species_LLLLLLL done
Event: 36.906 loading class java/lang/invoke/BoundMethodHandle$Species_LLLLLLLL
Event: 36.906 loading class java/lang/invoke/BoundMethodHandle$Species_LLLLLLLL done
Event: 36.907 loading class java/lang/invoke/BoundMethodHandle$Species_LLLLLLLLL
Event: 36.907 loading class java/lang/invoke/BoundMethodHandle$Species_LLLLLLLLL done
Event: 36.911 Thread 0x000001e5dc06f000 Thread added: 0x000001e5dc06f000
Event: 37.522 Thread 0x000001e5dc06f000 Thread exited: 0x000001e5dc06f000
Event: 89.417 Executing VM operation: HandshakeAllThreads
Event: 89.417 Executing VM operation: HandshakeAllThreads done
Event: 110.718 Executing VM operation: HandshakeAllThreads
Event: 110.718 Executing VM operation: HandshakeAllThreads done


Dynamic libraries:
0x00007ff796fa0000 - 0x00007ff796fad000 	C:\Users\mathi\Java SDK\bin\java.exe
0x00007ffcf6fc0000 - 0x00007ffcf71c7000 	C:\WINDOWS\SYSTEM32\ntdll.dll
0x00007ffcf6440000 - 0x00007ffcf64fd000 	C:\WINDOWS\System32\KERNEL32.DLL
0x00007ffcf44a0000 - 0x00007ffcf4814000 	C:\WINDOWS\System32\KERNELBASE.dll
0x00007ffcf4b50000 - 0x00007ffcf4c61000 	C:\WINDOWS\System32\ucrtbase.dll
0x00007ffce1af0000 - 0x00007ffce1b05000 	C:\Users\mathi\Java SDK\bin\VCRUNTIME140.dll
0x00007ffce34b0000 - 0x00007ffce34c8000 	C:\Users\mathi\Java SDK\bin\jli.dll
0x00007ffcf6290000 - 0x00007ffcf643c000 	C:\WINDOWS\System32\USER32.dll
0x00007ffcddc00000 - 0x00007ffcddea5000 	C:\WINDOWS\WinSxS\amd64_microsoft.windows.common-controls_6595b64144ccf1df_6.0.22000.120_none_9d947278b86cc467\COMCTL32.dll
0x00007ffcf48c0000 - 0x00007ffcf48e6000 	C:\WINDOWS\System32\win32u.dll
0x00007ffcf4e50000 - 0x00007ffcf4ef3000 	C:\WINDOWS\System32\msvcrt.dll
0x00007ffcf5b10000 - 0x00007ffcf5b39000 	C:\WINDOWS\System32\GDI32.dll
0x00007ffcf4c70000 - 0x00007ffcf4d82000 	C:\WINDOWS\System32\gdi32full.dll
0x00007ffcf4820000 - 0x00007ffcf48bd000 	C:\WINDOWS\System32\msvcp_win.dll
0x00007ffcf5b50000 - 0x00007ffcf5b81000 	C:\WINDOWS\System32\IMM32.DLL
0x00007ffcd2cd0000 - 0x00007ffcd2d6b000 	C:\Users\mathi\Java SDK\bin\msvcp140.dll
0x00007ffc98d10000 - 0x00007ffc9982e000 	C:\Users\mathi\Java SDK\bin\server\jvm.dll
0x00007ffcf6880000 - 0x00007ffcf692c000 	C:\WINDOWS\System32\ADVAPI32.dll
0x00007ffcf6120000 - 0x00007ffcf61bd000 	C:\WINDOWS\System32\sechost.dll
0x00007ffcf6930000 - 0x00007ffcf6a51000 	C:\WINDOWS\System32\RPCRT4.dll
0x00007ffcf6110000 - 0x00007ffcf6118000 	C:\WINDOWS\System32\PSAPI.DLL
0x00007ffcde620000 - 0x00007ffcde629000 	C:\WINDOWS\SYSTEM32\WSOCK32.dll
0x00007ffce54d0000 - 0x00007ffce5503000 	C:\WINDOWS\SYSTEM32\WINMM.dll
0x00007ffcf60a0000 - 0x00007ffcf610f000 	C:\WINDOWS\System32\WS2_32.dll
0x00007ffced3a0000 - 0x00007ffced3aa000 	C:\WINDOWS\SYSTEM32\VERSION.dll
0x00007ffcf3580000 - 0x00007ffcf3598000 	C:\WINDOWS\SYSTEM32\kernel.appcore.dll
0x00007ffceac90000 - 0x00007ffceac9a000 	C:\Users\mathi\Java SDK\bin\jimage.dll
0x00007ffcf20c0000 - 0x00007ffcf22e1000 	C:\WINDOWS\SYSTEM32\DBGHELP.DLL
0x00007ffcd8450000 - 0x00007ffcd8481000 	C:\WINDOWS\SYSTEM32\dbgcore.DLL
0x00007ffcf4a60000 - 0x00007ffcf4ae0000 	C:\WINDOWS\System32\bcryptPrimitives.dll
0x00007ffcdf430000 - 0x00007ffcdf43e000 	C:\Users\mathi\Java SDK\bin\instrument.dll
0x00007ffccee00000 - 0x00007ffccee25000 	C:\Users\mathi\Java SDK\bin\java.dll
0x00007ffcd8490000 - 0x00007ffcd84a6000 	C:\Users\mathi\Java SDK\bin\zip.dll
0x00007ffcf5260000 - 0x00007ffcf5a0a000 	C:\WINDOWS\System32\SHELL32.dll
0x00007ffcf2600000 - 0x00007ffcf2e62000 	C:\WINDOWS\SYSTEM32\windows.storage.dll
0x00007ffcf6500000 - 0x00007ffcf6878000 	C:\WINDOWS\System32\combase.dll
0x00007ffcf2490000 - 0x00007ffcf25f6000 	C:\WINDOWS\SYSTEM32\wintypes.dll
0x00007ffcf6e20000 - 0x00007ffcf6f0a000 	C:\WINDOWS\System32\SHCORE.dll
0x00007ffcf61c0000 - 0x00007ffcf621d000 	C:\WINDOWS\System32\shlwapi.dll
0x00007ffcf43d0000 - 0x00007ffcf43f1000 	C:\WINDOWS\SYSTEM32\profapi.dll
0x00007ffcce760000 - 0x00007ffcce779000 	C:\Users\mathi\Java SDK\bin\net.dll
0x00007ffcedcf0000 - 0x00007ffceddfc000 	C:\WINDOWS\SYSTEM32\WINHTTP.dll
0x00007ffcf3980000 - 0x00007ffcf39e7000 	C:\WINDOWS\system32\mswsock.dll
0x00007ffcce740000 - 0x00007ffcce752000 	C:\Users\mathi\Java SDK\bin\nio.dll
0x00007ffccb9c0000 - 0x00007ffccb9da000 	C:\Program Files\JetBrains\IntelliJ IDEA 2020.1.1\bin\breakgen64.dll
0x00007ffce1e20000 - 0x00007ffce1e30000 	C:\Users\mathi\Java SDK\bin\verify.dll
0x0000000180000000 - 0x0000000180053000 	D:\Hobby\Moestuin\Software\Software met OpenGL\lib\native\lwjgl64.dll
0x00007ffce24d0000 - 0x00007ffce25d1000 	C:\WINDOWS\SYSTEM32\OPENGL32.dll
0x00007ffce4be0000 - 0x00007ffce4c0d000 	C:\WINDOWS\SYSTEM32\GLU32.dll
0x00007ffcf19e0000 - 0x00007ffcf1a18000 	C:\WINDOWS\SYSTEM32\dxcore.dll
0x00007ffceea10000 - 0x00007ffceeac9000 	C:\WINDOWS\SYSTEM32\mscms.dll
0x00007ffcf4170000 - 0x00007ffcf41bc000 	C:\WINDOWS\SYSTEM32\cfgmgr32.dll
0x00007ffcf3e80000 - 0x00007ffcf3ea7000 	C:\WINDOWS\SYSTEM32\bcrypt.dll
0x00007ffcf6d70000 - 0x00007ffcf6e1f000 	C:\WINDOWS\System32\clbcatq.dll
0x00007ffce8c70000 - 0x00007ffce8cba000 	C:\Windows\System32\Windows.Internal.Graphics.Display.DisplayColorManagement.dll
0x00007ffcf6c30000 - 0x00007ffcf6d06000 	C:\WINDOWS\System32\OLEAUT32.dll
0x00007ffcf17d0000 - 0x00007ffcf187c000 	C:\WINDOWS\system32\uxtheme.dll
0x00007ffcf6b10000 - 0x00007ffcf6c2e000 	C:\WINDOWS\System32\MSCTF.dll
0x00007ffcedbf0000 - 0x00007ffcedc34000 	C:\WINDOWS\SYSTEM32\directxdatabasehelper.dll
0x00007ffcf1b40000 - 0x00007ffcf1b74000 	C:\WINDOWS\SYSTEM32\ntmarta.dll
0x00007ffcecad0000 - 0x00007ffcecc03000 	C:\Windows\System32\AppXDeploymentClient.dll
0x00007ffcec8b0000 - 0x00007ffceca9e000 	C:\WINDOWS\SYSTEM32\urlmon.dll
0x00007ffcec5c0000 - 0x00007ffcec872000 	C:\Windows\System32\iertutil.dll
0x00007ffcec880000 - 0x00007ffcec8a8000 	C:\Windows\System32\srvcli.dll
0x00007ffcf30b0000 - 0x00007ffcf30bc000 	C:\Windows\System32\netutils.dll
0x00007ffc7c5f0000 - 0x00007ffc7d5f4000 	C:\WINDOWS\System32\DriverStore\FileRepository\iigd_dch.inf_amd64_8dc03618ea16fa9b\ig9icd64.dll
0x00007ffcf1c80000 - 0x00007ffcf1caf000 	C:\WINDOWS\SYSTEM32\dwmapi.dll
0x00007ffcf1a20000 - 0x00007ffcf1b13000 	C:\WINDOWS\system32\dxgi.dll
0x00007ffce4060000 - 0x00007ffce418d000 	C:\WINDOWS\SYSTEM32\textinputframework.dll
0x00007ffcf1210000 - 0x00007ffcf1342000 	C:\WINDOWS\SYSTEM32\CoreMessaging.dll
0x00007ffcecd10000 - 0x00007ffced07d000 	C:\WINDOWS\SYSTEM32\CoreUIComponents.dll
0x00007ffcf3b70000 - 0x00007ffcf3b7c000 	C:\WINDOWS\SYSTEM32\CRYPTBASE.DLL
0x00007ffcf04a0000 - 0x00007ffcf04e4000 	C:\WINDOWS\SYSTEM32\icm32.dll
0x00007ffcc4530000 - 0x00007ffcc4650000 	C:\WINDOWS\System32\DriverStore\FileRepository\iigd_dch.inf_amd64_8dc03618ea16fa9b\igdgmm64.dll
0x00007ffcc14d0000 - 0x00007ffcc3830000 	C:\WINDOWS\System32\DriverStore\FileRepository\iigd_dch.inf_amd64_8dc03618ea16fa9b\igc64.dll
0x00007ffcf50c0000 - 0x00007ffcf525a000 	C:\WINDOWS\System32\ole32.dll
0x00007ffcf3dc0000 - 0x00007ffcf3e0d000 	C:\WINDOWS\SYSTEM32\powrprof.dll
0x00007ffcf3da0000 - 0x00007ffcf3db3000 	C:\WINDOWS\SYSTEM32\UMPDC.dll
0x00007ffccb820000 - 0x00007ffccb9b7000 	C:\Users\mathi\Java SDK\bin\awt.dll
0x00007ffcf1650000 - 0x00007ffcf16e1000 	C:\WINDOWS\SYSTEM32\apphelp.dll

dbghelp: loaded successfully - version: 4.0.5 - missing functions: none
symbol engine: initialized successfully - sym options: 0x614 - pdb path: .;C:\Users\mathi\Java SDK\bin;C:\WINDOWS\SYSTEM32;C:\WINDOWS\WinSxS\amd64_microsoft.windows.common-controls_6595b64144ccf1df_6.0.22000.120_none_9d947278b86cc467;C:\Users\mathi\Java SDK\bin\server;C:\Program Files\JetBrains\IntelliJ IDEA 2020.1.1\bin;D:\Hobby\Moestuin\Software\Software met OpenGL\lib\native;C:\WINDOWS\System32\DriverStore\FileRepository\iigd_dch.inf_amd64_8dc03618ea16fa9b

VM Arguments:
jvm_args: -Djava.library.path=D:\Hobby\Moestuin\Software\Software met OpenGL\lib\native -javaagent:C:\Program Files\JetBrains\IntelliJ IDEA 2020.1.1\lib\idea_rt.jar=60796:C:\Program Files\JetBrains\IntelliJ IDEA 2020.1.1\bin -Dfile.encoding=UTF-8 
java_command: data.Boot
java_class_path (initial): D:\Hobby\Moestuin\Software\Software met OpenGL\GreenMaster_OpenGL\out\production\GreenMaster_OpenGL;D:\Hobby\Moestuin\Software\Software met OpenGL\lib\jars\lwjgl.jar;D:\Hobby\Moestuin\Software\Software met OpenGL\lib\jars\lwjgl_util.jar;D:\Hobby\Moestuin\Software\Software met OpenGL\lib\jars\slick-util.jar;C:\Users\mathi\.m2\repository\org\jetbrains\annotations\19.0.0\annotations-19.0.0.jar
Launcher Type: SUN_STANDARD

[Global flags]
     intx CICompilerCount                          = 4                                         {product} {ergonomic}
     uint ConcGCThreads                            = 3                                         {product} {ergonomic}
     uint G1ConcRefinementThreads                  = 10                                        {product} {ergonomic}
   size_t G1HeapRegionSize                         = 1048576                                   {product} {ergonomic}
    uintx GCDrainStackTargetSize                   = 64                                        {product} {ergonomic}
   size_t InitialHeapSize                          = 266338304                                 {product} {ergonomic}
   size_t MarkStackSize                            = 4194304                                   {product} {ergonomic}
   size_t MaxHeapSize                              = 4257218560                                {product} {ergonomic}
   size_t MaxNewSize                               = 2554331136                                {product} {ergonomic}
   size_t MinHeapDeltaBytes                        = 1048576                                   {product} {ergonomic}
   size_t MinHeapSize                              = 8388608                                   {product} {ergonomic}
    uintx NonNMethodCodeHeapSize                   = 5839372                                {pd product} {ergonomic}
    uintx NonProfiledCodeHeapSize                  = 122909434                              {pd product} {ergonomic}
    uintx ProfiledCodeHeapSize                     = 122909434                              {pd product} {ergonomic}
    uintx ReservedCodeCacheSize                    = 251658240                              {pd product} {ergonomic}
     bool SegmentedCodeCache                       = true                                      {product} {ergonomic}
   size_t SoftMaxHeapSize                          = 4257218560                             {manageable} {ergonomic}
     bool UseCompressedClassPointers               = true                                 {lp64_product} {ergonomic}
     bool UseCompressedOops                        = true                                 {lp64_product} {ergonomic}
     bool UseG1GC                                  = true                                      {product} {ergonomic}
     bool UseLargePagesIndividualAllocation        = false                                  {pd product} {ergonomic}

Logging:
Log output configuration:
 #0: stdout all=warning uptime,level,tags
 #1: stderr all=off uptime,level,tags

Environment Variables:
PATH=C:\Program Files (x86)\Common Files\Oracle\Java\javapath;C:\Windows\System32;C:\Windows;C:\Windows\System32\wbem;C:\Windows\System32\WindowsPowerShell\v1.0\;C:\Windows\System32\OpenSSH\;C:\Program Files (x86)\NVIDIA Corporation\PhysX\Common;C:\Program Files\NVIDIA Corporation\NVIDIA NvDLISR;C:\Program Files\Microsoft SQL Server\130\Tools\Binn\;C:\Program Files\Microsoft SQL Server\Client SDK\ODBC\170\Tools\Binn\;C:\Program Files\TortoiseSVN\bin;C:\Windows\System32;C:\Windows;C:\Windows\System32\wbem;C:\Windows\System32\WindowsPowerShell\v1.0\;C:\Windows\System32\OpenSSH\;C:\Program Files\dotnet\;D:\Program Files (x86)\GnuPG\bin;D:\Program files\PuTTY\;C:\Program Files\Git\cmd;C:\Program Files\Docker\Docker\resources\bin;C:\ProgramData\DockerDesktop\version-bin;D:\Program Files\nodejs\;C:\ProgramData\chocolatey\bin;C:\Users\mathi\AppData\Local\Programs\Python\Python39\Scripts\;C:\Users\mathi\AppData\Local\Programs\Python\Python39\;C:\Users\mathi\AppData\Local\Microsoft\WindowsApps;C:\Users\mathi\AppData\Local\Programs\Microsoft VS Code\bin;C:\Users\mathi\AppData\Local\Programs\Azure Data Studio\bin;C:\Users\mathi\.dotnet\tools;C:\Users\mathi\AppData\Local\gitkraken\bin;C:\Program Files\IBM\Cloud\bin;C:\Users\mathi\AppData\Local\Microsoft\WindowsApps;C:\Users\mathi\.dotnet\tools;D:\Program Files\Lando\bin;C:\Users\mathi\AppData\Roaming\npm
USERNAME=mathi
OS=Windows_NT
PROCESSOR_IDENTIFIER=Intel64 Family 6 Model 158 Stepping 10, GenuineIntel



---------------  S Y S T E M  ---------------

OS: Windows 10 , 64 bit Build 22000 (10.0.22000.318)
OS uptime: 12 days 21:56 hours
HyperV virtualization detected

CPU:total 12 (initial active 12) (6 cores per cpu, 2 threads per core) family 6 model 158 stepping 10, cmov, cx8, fxsr, mmx, sse, sse2, sse3, ssse3, sse4.1, sse4.2, popcnt, avx, avx2, aes, clmul, erms, 3dnowpref, lzcnt, ht, tsc, tscinvbit, bmi1, bmi2, adx, fma

Memory: 4k page, system-wide physical 16233M (8132M free)
TotalPageFile size 38761M (AvailPageFile size 23485M)
current process WorkingSet (physical memory assigned to process): 686M, peak: 6043M
current process commit charge ("private bytes"): 1389M, peak: 8738M

vm_info: OpenJDK 64-Bit Server VM (14.0.1+7) for windows-amd64 JRE (14.0.1+7), built on Mar  5 2020 10:30:04 by "mach5one" with MS VC++ 15.9 (VS2017)

END.
